<?xml version="1.0" encoding="UTF-8"?>
<!-- Generated by org.testng.reporters.JUnitXMLReporter -->
<testsuite ignored="0" hostname="IBM-7V5V4D4" failures="0" tests="4" name="Default test" time="5.162" errors="0" timestamp="2026-01-07T10:40:57 IST">
  <testcase classname="apiTest.mockApiTest" name="testGetRequest" time="3.605"/>
  <testcase classname="apiTest.mockApiTest" name="testPostRequest" time="0.689"/>
  <testcase classname="apiTest.mockApiTest" name="testPatchRequest" time="0.118"/>
  <testcase classname="apiTest.mockApiTest" name="testDeleteRequest" time="0.039"/>
</testsuite> <!-- Default test -->
