<?xml version="1.0" encoding="UTF-8"?>
<!-- Generated by org.testng.reporters.JUnitXMLReporter -->
<testsuite ignored="3" hostname="IBM-7V5V4D4" failures="0" tests="1" name="Default test" time="2.887" errors="0" timestamp="2026-01-07T12:51:32 IST">
  <testcase classname="petstore.PetApiTest" name="addNewPetToTheStore" time="2.613"/>
  <testcase classname="petstore.PetApiTest" name="findPetByCorrectPetId" time="0.0">
    <ignored/>
  </testcase> <!-- findPetByCorrectPetId -->
  <testcase classname="petstore.PetApiTest" name="findPetByStatus" time="0.0">
    <ignored/>
  </testcase> <!-- findPetByStatus -->
  <testcase classname="petstore.PetApiTest" name="findPetByInValidPetId" time="0.0">
    <ignored/>
  </testcase> <!-- findPetByInValidPetId -->
</testsuite> <!-- Default test -->
