<?xml version="1.0" encoding="UTF-8"?>
<!-- Generated by org.testng.reporters.JUnitXMLReporter -->
<testsuite ignored="0" hostname="IBM-7V5V4D4" failures="0" tests="4" name="Test" time="2.239" errors="0" timestamp="2026-01-06T16:00:56 IST">
  <testcase classname="apiTest.mockApiTest" name="testDeleteRequest" time="1.071"/>
  <testcase classname="apiTest.mockApiTest" name="testGetRequest" time="0.075"/>
  <testcase classname="apiTest.mockApiTest" name="testPatchRequest" time="0.65"/>
  <testcase classname="apiTest.mockApiTest" name="testPostRequest" time="0.047"/>
</testsuite> <!-- Test -->
