<?xml version="1.0" encoding="UTF-8"?>
<testng-results ignored="0" total="4" passed="4" failed="0" skipped="0">
  <reporter-output>
  </reporter-output>
  <suite started-at="2026-01-06T16:00:54 IST" name="Suite" finished-at="2026-01-06T16:00:56 IST" duration-ms="2239">
    <groups>
    </groups>
    <test started-at="2026-01-06T16:00:54 IST" name="Test" finished-at="2026-01-06T16:00:56 IST" duration-ms="2239">
      <class name="apiTest.mockApiTest">
        <test-method is-config="true" signature="init()[pri:0, instance:apiTest.mockApiTest@18078bef]" started-at="2026-01-06T16:00:54 IST" name="init" finished-at="2026-01-06T16:00:54 IST" duration-ms="349" status="PASS">
          <reporter-output>
          </reporter-output>
        </test-method> <!-- init -->
        <test-method signature="testDeleteRequest()[pri:0, instance:apiTest.mockApiTest@18078bef]" started-at="2026-01-06T16:00:54 IST" name="testDeleteRequest" finished-at="2026-01-06T16:00:55 IST" duration-ms="1071" status="PASS">
          <reporter-output>
          </reporter-output>
        </test-method> <!-- testDeleteRequest -->
        <test-method is-config="true" signature="init()[pri:0, instance:apiTest.mockApiTest@18078bef]" started-at="2026-01-06T16:00:55 IST" name="init" finished-at="2026-01-06T16:00:55 IST" duration-ms="0" status="PASS">
          <reporter-output>
          </reporter-output>
        </test-method> <!-- init -->
        <test-method signature="testGetRequest()[pri:0, instance:apiTest.mockApiTest@18078bef]" started-at="2026-01-06T16:00:55 IST" name="testGetRequest" finished-at="2026-01-06T16:00:55 IST" duration-ms="75" status="PASS">
          <reporter-output>
          </reporter-output>
        </test-method> <!-- testGetRequest -->
        <test-method is-config="true" signature="init()[pri:0, instance:apiTest.mockApiTest@18078bef]" started-at="2026-01-06T16:00:55 IST" name="init" finished-at="2026-01-06T16:00:55 IST" duration-ms="1" status="PASS">
          <reporter-output>
          </reporter-output>
        </test-method> <!-- init -->
        <test-method signature="testPatchRequest()[pri:0, instance:apiTest.mockApiTest@18078bef]" started-at="2026-01-06T16:00:55 IST" name="testPatchRequest" finished-at="2026-01-06T16:00:56 IST" duration-ms="650" status="PASS">
          <reporter-output>
          </reporter-output>
        </test-method> <!-- testPatchRequest -->
        <test-method signature="testPostRequest()[pri:0, instance:apiTest.mockApiTest@18078bef]" started-at="2026-01-06T16:00:56 IST" name="testPostRequest" finished-at="2026-01-06T16:00:56 IST" duration-ms="47" status="PASS">
          <reporter-output>
          </reporter-output>
        </test-method> <!-- testPostRequest -->
        <test-method is-config="true" signature="init()[pri:0, instance:apiTest.mockApiTest@18078bef]" started-at="2026-01-06T16:00:56 IST" name="init" finished-at="2026-01-06T16:00:56 IST" duration-ms="0" status="PASS">
          <reporter-output>
          </reporter-output>
        </test-method> <!-- init -->
      </class> <!-- apiTest.mockApiTest -->
    </test> <!-- Test -->
  </suite> <!-- Suite -->
</testng-results>
