<?xml version="1.0" encoding="UTF-8"?>
<!-- Generated by org.testng.reporters.JUnitReportReporter -->
<testsuite hostname="IBM-7V5V4D4" failures="0" tests="4" name="apiTest.mockApiTest" time="5.046" errors="0" timestamp="2026-01-07T10:40:57 IST" skipped="0">
  <testcase classname="apiTest.mockApiTest" name="testGetRequest" time="3.606"/>
  <testcase classname="apiTest.mockApiTest" name="testPostRequest" time="0.690"/>
  <testcase classname="apiTest.mockApiTest" name="testPatchRequest" time="0.118"/>
  <testcase classname="apiTest.mockApiTest" name="testDeleteRequest" time="0.632"/>
</testsuite> <!-- apiTest.mockApiTest -->
