<?xml version="1.0" encoding="UTF-8"?>
<!-- Generated by org.testng.reporters.JUnitReportReporter -->
<testsuite hostname="IBM-7V5V4D4" failures="0" tests="4" name="apiTest.mockApiTest" time="2.193" errors="0" timestamp="2026-01-06T16:00:56 IST" skipped="0">
  <testcase classname="apiTest.mockApiTest" name="testDeleteRequest" time="1.420"/>
  <testcase classname="apiTest.mockApiTest" name="testPatchRequest" time="0.651"/>
  <testcase classname="apiTest.mockApiTest" name="testGetRequest" time="0.075"/>
  <testcase classname="apiTest.mockApiTest" name="testPostRequest" time="0.047"/>
</testsuite> <!-- apiTest.mockApiTest -->
